20240204	11:20:27	029c5f74-666e-483b-9424-5bc4964146bf	OPTIONS	/api/auth/login	http://localhost:5173
20240204	11:20:27	ab302174-89af-4159-aef0-c58c5c795359	POST	/api/auth/login	http://localhost:5173
20240204	12:39:38	5d64cf8c-82d0-494f-877e-470d48c8caf8	OPTIONS	/api/auth/login	http://localhost:5173
20240204	12:40:24	87b732b2-b575-4188-9ee1-dd64df42e5f0	OPTIONS	/api/auth/login	http://localhost:5173
20240204	12:40:24	d6c7b8e2-8b56-4780-bb65-6e92a8c421f7	POST	/api/auth/login	http://localhost:5173
20240207	13:08:44	d5dd7502-af57-43df-afb2-42c652489126	GET	/workouts	http://localhost:5173
20240207	19:18:38	0662e396-1f37-4e59-8a2b-e4b6c0650e7a	GET	/workouts	http://localhost:5173
20240207	19:18:39	d8445b28-31d6-4ac0-acb5-b8e6154a059d	GET	/series	http://localhost:5173
20240207	19:27:54	c9aa27ea-f1f2-4d1f-8af9-1da34cb2f632	GET	/workouts	http://localhost:5173
20240207	19:27:54	556c4a45-cc85-4cf7-ad61-9558e053882d	GET	/series	http://localhost:5173
20240208	10:05:27	2650a0d5-a06c-469e-9d04-03ddac5f6841	POST	/api/auth/login/	undefined
20240208	10:06:50	2be2e4f3-9a91-4c62-9f39-e20999ccc16b	POST	/api/auth/	undefined
20240208	10:11:53	5eeefe20-839d-4765-8b4a-5919a843f14d	POST	/api/auth/	undefined
20240208	10:13:37	8ee6946e-371e-4a3c-b1db-497ff056b230	POST	/api/auth/	undefined
20240208	10:16:48	a534b924-bc4b-403a-84a8-b1320b0618a3	POST	/api/auth/	undefined
20240208	10:17:23	980192e0-b8e4-4a5c-8815-14c98ad1cc5d	POST	/api/auth/	undefined
20240208	10:18:59	3bea2548-884b-4d0b-b67d-6642d43681f1	POST	/api/auth/login/	undefined
20240208	10:20:50	e54f53d6-0118-4ab9-99de-2adb4bc6ed10	POST	/api/auth/login/	undefined
20240208	10:23:47	e863234a-2dcb-416d-8518-e432120eb09b	POST	/api/auth/login/	undefined
20240208	10:24:21	d07635d7-9c03-4fdc-a1db-715fd20fa789	POST	/api/auth/login/	undefined
20240208	20:16:06	862f0dd7-6c9c-4efb-bb9a-300e12e5d882	POST	/api/auth/login/	undefined
20240208	20:21:12	f20b97cb-487c-4810-9cfb-3f14f882451c	POST	/api/auth/login	undefined
20240208	20:24:01	742ae89e-5e29-472b-bff7-968ea9f04728	POST	/api/auth/login	undefined
20240208	20:26:09	7f6602dc-8182-4044-912f-de68a950db24	POST	/api/auth/login	undefined
20240208	20:30:59	57987f63-4bdb-415b-b84f-bb4480cc0211	POST	/api/auth/login	undefined
20240208	20:34:47	faf17ff4-15d0-4dda-a4ff-4311b413aaea	POST	/api/auth/login	undefined
20240208	20:36:04	3a7643b0-6272-43ff-809a-725e78b69b8c	POST	/api/auth/login/	undefined
20240208	20:36:17	90c90f64-5c6a-4ec9-9ba6-ba456610fb51	POST	/api/auth/login/	undefined
20240208	20:41:32	475c5bbb-b913-4048-bab1-66424526c6d7	GET	/workouts	http://localhost:5173
20240208	20:41:32	add035d5-4453-43a9-b399-0d167be159e0	GET	/series	http://localhost:5173
20240208	20:41:40	49a68b08-1c59-4fd8-843d-1cf71f40f477	POST	/api/auth/login/	undefined
20240208	20:42:28	a4ca3c49-9365-46c5-9290-4e3f54048c34	POST	/api/auth/login/	undefined
20240208	20:42:46	d3734b9a-55b6-4fa0-a3a0-4ae56088e7a9	POST	/api/auth/login/	undefined
20240208	20:48:17	b625eb22-a2e5-4f65-afb6-fefdec9b5fa1	POST	/api/auth/login/	undefined
20240208	20:52:47	a9dcb886-ff94-45a7-80f1-8e4585f96eae	POST	/api/auth/login/	undefined
20240208	20:53:25	e44db3d3-7f39-4332-90c3-186428fdfd3e	POST	/api/auth/login/	undefined
20240208	21:03:06	118afb97-d853-457c-864e-39ed9142cb04	POST	/api/auth/login/	undefined
20240208	21:06:48	5f353386-59e8-4e90-98f8-05a813cb7d25	POST	/api/auth/login/	undefined
20240208	21:13:06	edef9b4b-b0ee-4b47-b9e2-c8b4bacadda7	POST	/api/auth/login/	undefined
20240208	21:17:02	14246631-8284-41bf-a592-104770c24dd0	POST	/api/auth/login/	undefined
20240208	21:19:50	a6eb462b-38e6-4141-bc7a-704a66c59223	POST	/api/auth/login/	undefined
20240209	10:44:13	d22bd768-b42b-4806-8566-d4183b5a68d8	POST	/api/auth/login/	undefined
20240209	10:44:51	c7a70dfe-d758-460c-adeb-918980c55a6f	POST	/api/auth/login/	undefined
20240209	11:19:17	c753dfff-4d2d-45d7-a34f-595f655d9126	POST	/api/auth/login/	undefined
20240209	11:20:44	4e80d411-10c3-4dee-91d9-08f4d1098ed1	GET	/api/auth/refresh/	undefined
20240209	11:22:03	7b21540f-495e-44e0-8945-fc4b6bbc7917	GET	/api/auth/refresh/	undefined
20240209	11:24:46	af9a8e00-513e-4bd8-ba6a-887d48800afd	POST	/api/auth/logout	undefined
20240209	11:36:39	bd177bf3-7a46-45cc-9839-e93d011036e0	POST	/api/auth/login/	undefined
20240209	11:37:38	c7247360-5645-4336-aa00-eb5b5f230890	GET	/api/series/	undefined
20240209	11:38:39	8d3337d5-5637-469a-84d9-1bbca347805b	GET	/api/series/	undefined
20240209	11:40:22	3cb8d2fb-e96c-4867-9458-3da4a5b150a7	GET	/api/series/	undefined
20240209	11:40:58	129c8320-c06f-41ac-8910-5a6a9b215da2	POST	/api/auth/logout	undefined
20240209	11:41:14	f6fd7adc-c6fe-441c-b6aa-a273a4560f1a	POST	/api/auth/login/	undefined
20240209	11:41:57	e7c7b725-a582-43fb-b126-e181703bd9f6	GET	/api/series/	undefined
20240209	11:44:40	7f8df1ca-ea3e-424c-b2c7-541bcdd515b8	GET	/api/series/	undefined
20240209	11:46:01	7cfc4d03-031f-4db3-a8c4-60bafd4ca20c	GET	/api/series/	undefined
20240209	12:47:25	17a3196d-b3fa-41b8-965c-713a98c3ec9c	GET	/api/series/	undefined
20240209	12:47:39	b881ac47-287d-4f0a-8a04-cbabe6d7ed3c	POST	/api/auth/logout	undefined
20240209	12:47:53	c0de9b4a-58e2-44c5-87a7-e20f4a4d8d6f	POST	/api/auth/login/	undefined
20240209	12:48:16	0992d776-a7ab-4eb3-a516-25158d014a7b	GET	/api/series/	undefined
20240209	12:48:48	28b674b1-be0a-449d-b5f5-dd6c785acddf	GET	/api/series/	undefined
20240209	12:49:40	7501b49c-78b2-4baa-8900-0579c6d7bf4f	GET	/api/series/	undefined
20240209	12:54:38	851687a5-c793-4546-80a1-9252e66f8456	GET	/api/series/	undefined
20240209	12:58:50	7e0fe678-5331-426d-aa0e-f9c49cafbb17	GET	/api/series/	undefined
20240209	15:42:09	7b863f4e-f7e3-4c83-a369-053005258233	GET	/api/series/	undefined
20240209	22:35:17	1aa18158-c590-42cf-ba33-d81c54980d4a	POST	/api/auth/login/	undefined
20240211	12:05:02	c0aad4f0-4d78-4772-8446-50531a626501	POST	/api/auth/login/	undefined
20240211	12:06:39	d85b9d6f-c4f2-4911-8650-f172220fb7c0	POST	/api/series/	undefined
20240211	12:09:56	cd9ae262-5594-4be1-8116-abce187c8224	POST	/api/series/	undefined
20240211	12:14:33	4b6f4c56-1e3d-434d-a7d8-319139819cfd	POST	/api/series/	undefined
20240211	12:15:03	8d7378e5-5573-4c75-839d-5cb268d8759e	POST	/api/series/	undefined
20240211	12:15:27	b4ea6d0a-f2c2-48e2-80d6-5e23cc5951a9	POST	/api/series/	undefined
20240211	12:21:33	ad5b9394-6894-4793-84a2-87e3f18c182d	POST	/api/auth/login/	undefined
20240211	12:21:57	c0ad9409-1dbc-4b65-883b-369fcd39ff76	POST	/api/series/	undefined
20240211	12:22:00	93139063-2fd7-4efc-b509-49dcecef2ad9	POST	/api/series/	undefined
20240211	12:29:55	68459d0e-6844-4119-96ca-221754259793	POST	/api/series/	undefined
20240211	12:38:42	1ab887df-d529-45d7-82e7-6f025fa63de9	POST	/api/series/	undefined
20240211	12:39:47	087cf625-1a6f-44c3-a59a-29d560071643	POST	/api/series/	undefined
20240211	12:40:30	c9ee4ca1-0940-441f-bd56-ad608e71e446	POST	/api/series/	undefined
20240211	12:41:53	4fd1ce6c-e35d-41e8-9a38-b14d83288dd9	POST	/api/auth/login/	undefined
20240211	12:42:16	7a07ce33-c2e9-4458-9037-4f36f3691a26	POST	/api/series/	undefined
20240211	12:42:19	393e3128-b8b0-46f5-a78b-33af69729b68	POST	/api/series/	undefined
20240211	12:44:40	87ac26c8-14fb-43f2-82ab-540d67a60663	POST	/api/series/	undefined
20240211	12:46:16	a8293ce5-ebb5-4644-bbb5-b3f68e71c06f	POST	/api/series/	undefined
20240211	12:49:50	949245ef-6e06-45e4-8b4f-a668f1fe440c	POST	/api/series/	undefined
20240211	12:49:54	8237759c-ba0d-41a2-876a-771bf28e687a	POST	/api/series/	undefined
20240211	12:52:00	529f9deb-5176-4b8e-a343-9cab6d475838	POST	/api/series/	undefined
20240211	12:53:53	d35aaa97-fe43-44b7-8c6a-524eeee0bd6f	POST	/api/series/	undefined
20240211	12:57:36	1086efea-29ff-43d3-af24-7b7ba3b34e43	POST	/api/series/	undefined
20240211	12:58:21	961c6977-c9e1-40b5-86f5-ca969f5336af	POST	/api/auth/login/	undefined
20240211	12:59:05	d4ed7979-1c56-4063-9efa-9cc1c4d90cdc	POST	/api/series/	undefined
20240211	13:17:41	7827f176-8daa-48e2-a567-f5468e52d3fe	GET	/api/series/	undefined
20240211	13:17:46	dc3c4255-39a5-4546-ace7-fedebe31e59a	GET	/api/series/	undefined
20240211	13:18:55	85738d88-892a-4944-bc83-ba1a93a0a65b	GET	/api/series/	undefined
20240211	13:19:33	a1d82a3b-ee3f-41ad-9995-c715ccaab764	GET	/api/series/	undefined
20240211	13:19:47	903eb26e-d08b-4363-8938-19db2c732921	GET	/api/series/	undefined
20240211	13:21:28	d1a1f13b-f831-498f-b48d-b9f892ebed78	GET	/api/series/	undefined
20240211	13:24:40	ca298efc-2758-4045-821f-f01ba0d420e7	GET	/api/series/	undefined
20240211	13:27:54	008210d2-02fd-4481-8408-59838676fe03	POST	/api/series/	undefined
20240211	13:28:44	8b4a0f22-3ecf-4574-bd15-a522533eb81c	GET	/api/series/	undefined
20240211	13:29:11	a9f4e167-0b0e-4332-865e-c5078e17db77	DELETE	/api/series/65c8f58a038c6579e88f8fe6	undefined
20240211	13:29:20	0c075bb7-8389-413b-ac7e-49acefc05be0	DELETE	/api/series/65c8f58a038c6579e88f8fe6/	undefined
20240211	13:30:03	5752c47a-fdf9-4f25-b0dc-27b2fb2111ca	DELETE	/api/series/65c8f58a038c6579e88f8fe6/	undefined
20240211	13:30:53	98894ff0-dd8f-4777-b42f-4dce436c0738	DELETE	/api/series/65c8f58a038c6579e88f8fe6/	undefined
20240211	13:32:54	43868026-f291-4d5b-83cc-19bbdc64cd52	DELETE	/api/series/65c8f58a038c6579e88f8fe6/	undefined
20240211	13:32:58	240e3b09-d5de-4d4e-920e-bfbde963cd20	DELETE	/api/series/65c8f58a038c6579e88f8fe6/	undefined
20240211	13:33:48	cece3a5e-8cb9-4229-b3e7-c8be8f0094db	DELETE	/api/series/65c8f58a038c6579e88f8fe6/	undefined
20240211	13:36:34	5525d1dc-b3f3-4e90-8bbb-1abe60f8391e	PATCH	/api/series/65c8eec94953e275a883e3e8/	undefined
20240211	13:36:42	0e9019e9-a4d0-46c4-aa66-5665cb26fd62	GET	/api/series/	undefined
20240211	13:36:51	67663596-f79b-4a88-a5a5-0b521f70659a	GET	/api/series/	undefined
20240211	13:42:16	7c3088ae-cc34-4c8c-8d81-de957a866d92	PATCH	/api/series/65c8eec94953e275a883e3e8/	undefined
20240211	15:20:20	27b5b6be-6154-40aa-927a-087a544ded5e	GET	/api/user	undefined
20240211	15:21:15	f8319107-52b4-46df-8d29-8f04598b3982	GET	/api/user	undefined
20240211	15:23:46	9d44c1a7-6683-4fd0-8acc-a1a1959d1915	POST	/api/user/	undefined
20240211	15:25:17	31ecb585-9b1a-4285-8997-aca8c47ab5ec	POST	/api/user/	undefined
20240211	15:25:38	497f89e9-c0d8-49c2-90c5-ac5886314ae3	POST	/api/user/	undefined
20240211	15:27:27	167efd55-71b2-438f-87cc-e13944bc25bc	PATCH	/api/user/	undefined
20240211	15:28:36	58efede0-1b30-4005-8e54-c4e91a7c9164	PATCH	/api/user/	undefined
20240211	15:30:10	2115d991-7268-4861-b937-3393d4ffb3f4	PATCH	/api/user/	undefined
20240211	15:30:32	848c5a8e-2aa8-44f0-857c-521c18e0dfe1	PATCH	/api/user/	undefined
20240211	15:32:11	64fcb79a-24de-453d-8372-d69cd3ca0d55	PATCH	/api/user/	undefined
20240211	15:32:29	b9280a1f-07b5-4140-a86f-0655feb4e1ee	PATCH	/api/user/	undefined
20240211	15:35:00	86c4f2c8-3174-4259-8a65-bdf8a4b395bc	PATCH	/api/user/	undefined
20240211	15:35:13	869ff009-335a-4adc-9c7d-bf6c7e7f9b02	GET	/api/user	undefined
20240211	15:35:38	8de8b6f1-ac9b-4a79-81f0-761f983f63b7	PATCH	/api/user/	undefined
20240214	10:23:16	12f7173a-814e-4dc1-a71f-fb6530e2db6f	GET	/workouts	http://localhost:5173
20240214	10:23:16	7f11e1f2-9e2c-472c-83dc-822d8344fc7f	GET	/series	http://localhost:5173
20240214	11:15:51	d8448c8f-1c0a-46a2-863d-85bf0e2df4e6	GET	/workouts	http://localhost:5173
20240214	11:15:51	3b0df8d7-088c-4d18-9d59-d112a9816b3b	GET	/series	http://localhost:5173
20240214	11:20:06	2d22c7eb-8958-45e0-ae5f-2587dd2d5659	GET	/workouts	http://localhost:5173
20240214	11:20:06	525f6010-07d8-4cbb-a5be-c34ce4becfe6	GET	/series	http://localhost:5173
20240214	18:36:20	169aca1f-62fa-4f9e-ae92-d6e1a839cd4f	OPTIONS	/users	http://localhost:5173
20240214	18:36:20	3d9a8374-21a3-4cc3-9525-ef8a04912d13	POST	/users	http://localhost:5173
20240214	20:05:32	bd681b69-94f0-4967-ab32-baff264efa6b	OPTIONS	/auth	http://localhost:5173
20240214	20:05:32	914d89bc-b22a-4e34-bee9-3ac0db424945	POST	/auth	http://localhost:5173
20240214	20:05:42	a2dce100-4278-453b-9d6e-f707a1c86ee7	OPTIONS	/auth	http://localhost:5173
20240214	20:05:42	e9e8beba-4da2-44be-940d-e2375877ecf0	POST	/auth	http://localhost:5173
20240214	20:06:03	f5a6ffd6-07f4-4e90-a282-37ca46546d8c	OPTIONS	/auth	http://localhost:5173
20240214	20:06:03	91f9a347-2ed4-44ce-a2e0-55457502b4ad	POST	/auth	http://localhost:5173
20240214	20:06:41	be1cbe33-59c8-425c-88ec-c40267af3f0b	OPTIONS	/auth	http://localhost:5173
20240214	20:06:41	24c52b0f-cf96-4daf-8acc-0560e4e57bf1	POST	/auth	http://localhost:5173
20240214	20:08:26	b913d2fa-faf0-48e8-b3e2-fdee477f0940	OPTIONS	/auth	http://localhost:5173
20240214	20:08:26	f204df77-1777-4770-af61-5e26e4ca8bd8	POST	/auth	http://localhost:5173
20240214	20:08:29	9f174bb0-a56a-4484-a57e-53dac53b0429	POST	/auth	http://localhost:5173
20240214	20:09:52	3f9eaa39-e454-4b1a-a196-1bf146fa16be	OPTIONS	/api/auth/login	http://localhost:5173
20240214	20:09:52	54ce40ad-ee71-4113-a18b-b1a92b6fc91e	POST	/api/auth/login	http://localhost:5173
20240214	20:09:53	1a62dc79-8ad6-452d-933e-0bdf7e8dff84	GET	/workouts	http://localhost:5173
20240214	20:09:53	a2849583-6bd0-44ce-804e-c9cf6776ff04	GET	/api/series	http://localhost:5173
20240214	20:17:01	6f0fbbb5-8c3c-4775-89a7-789355e3c812	OPTIONS	/api/auth/login	http://localhost:5173
20240214	20:17:01	8ddb68ca-c2b0-4885-8da9-5e85b8bc5027	POST	/api/auth/login	http://localhost:5173
20240214	20:17:01	dbfbe26b-c497-4a19-9cf6-ee6647250287	GET	/workouts	http://localhost:5173
20240214	20:17:01	5b927003-30d3-45e7-a75d-1f070967dd05	GET	/api/series	http://localhost:5173
20240214	20:18:17	daded866-ff5a-4dfe-ae01-242137e1d251	OPTIONS	/api/auth/login	http://localhost:5173
20240214	20:18:17	4e388f33-aa90-4db1-a855-493a90e7e8ba	POST	/api/auth/login	http://localhost:5173
20240214	20:18:18	404b3022-1a03-464f-b9e2-dd73e52a2cc6	GET	/workouts	http://localhost:5173
20240214	20:18:18	c8384725-b850-4266-af95-6d9d1f269914	GET	/api/series	http://localhost:5173
20240214	20:19:15	2ce1eb39-472a-4db1-b844-a6bc588bd54f	OPTIONS	/api/auth/login	http://localhost:5173
20240214	20:19:15	ca07eacc-e3a1-427a-8d15-d8fa8e52fcca	POST	/api/auth/login	http://localhost:5173
20240214	20:19:16	031cf18f-ff97-4c03-a7c6-3b01ef414067	GET	/workouts	http://localhost:5173
20240214	20:19:16	2bdcce8a-be2d-4c25-89a6-07042004b474	GET	/api/series	http://localhost:5173
20240214	20:20:19	714b1e46-0636-4eb6-a4df-8d46c76d80e3	OPTIONS	/api/users	http://localhost:5173
20240214	20:20:19	c69ed0fb-b42a-4bec-93d2-749153cab2ef	POST	/api/users	http://localhost:5173
20240214	21:09:11	666226f7-b8e5-4005-a007-11ac784dffeb	OPTIONS	/api/auth/login	http://localhost:5173
20240214	21:09:11	ce1e2d10-ba18-48b8-9d6d-722c139011bc	POST	/api/auth/login	http://localhost:5173
20240214	21:09:12	649dade2-db5d-4e08-926f-44b89ef359fe	GET	/workouts	http://localhost:5173
20240214	21:09:12	d5375bef-468e-4a3b-926d-32e79abcd5df	GET	/api/series	http://localhost:5173
20240214	21:14:23	80825e05-9b02-43c3-acc3-d15b28909989	OPTIONS	/api/user	http://localhost:5173
20240214	21:14:23	74206813-9888-4361-a16d-0f07333f8327	POST	/api/user	http://localhost:5173
20240214	21:16:46	952a58a6-e63f-4b9f-a07a-c63a52d3a379	OPTIONS	/api/user	http://localhost:5173
20240214	21:16:46	56a9103a-ff23-41f4-9800-d0773681025c	POST	/api/user	http://localhost:5173
20240215	00:39:48	4fcc392f-b1a7-4742-973e-4c0d8a0b8da9	OPTIONS	/api/auth/login	http://localhost:5173
20240215	00:39:48	5e277d1b-88c0-4e4d-8c44-a4091fce2085	POST	/api/auth/login	http://localhost:5173
20240215	00:39:49	8d064ee7-cf48-4c6f-b0a0-3a9695944e54	GET	/workouts	http://localhost:5173
20240215	00:39:49	5281f941-94d5-4763-b638-a37c8ba1eccc	GET	/api/series	http://localhost:5173
20240215	00:43:45	3830457a-408c-4d72-95cd-a33476dd75c4	OPTIONS	/api/auth/login	http://localhost:5173
20240215	00:43:45	b0c553f5-f310-45b3-b74a-3c085a5025b4	POST	/api/auth/login	http://localhost:5173
20240215	00:43:46	f7a9cc67-8737-4cfc-b846-c3eecd3ab11f	GET	/workouts	http://localhost:5173
20240215	00:43:46	77cc77f3-bc6d-4fb8-bd93-c5a82abcd51e	OPTIONS	/api/series	http://localhost:5173
20240215	00:43:46	f34d750f-69ce-4b4d-9652-2da669211fa1	GET	/api/series	http://localhost:5173
20240215	00:50:14	ea2db2af-9028-4d0b-9878-53a4afbf42e0	OPTIONS	/api/auth/login	http://localhost:5173
20240215	00:50:14	dcd8b9c9-36f1-4c82-9504-0c6607014d23	POST	/api/auth/login	http://localhost:5173
20240215	00:50:14	84bcec36-28a1-4ff7-ba88-d1e02639232b	GET	/workouts	http://localhost:5173
20240215	00:50:14	16b97629-6abe-4877-bffb-14cf017e0810	OPTIONS	/api/series	http://localhost:5173
20240215	00:50:14	218e37db-04b6-49a8-b516-ea389e963eba	GET	/api/series	http://localhost:5173
20240215	00:51:02	32b5a7e9-793c-4492-ab26-c01597f42515	GET	/api/auth/login	undefined
20240215	00:53:29	33fc20c1-b672-4aa3-b207-7f5093ff33e4	OPTIONS	/api/user	http://localhost:5173
20240215	00:53:29	26e0f4d9-bacd-45ed-8446-867fe4ba1390	POST	/api/user	http://localhost:5173
20240215	01:32:13	7f847762-4a1d-48aa-9115-1db5dab0f9a4	OPTIONS	/api/auth/login	http://localhost:5173
20240215	01:32:13	e402b9ee-3097-4bc4-8497-0b1be02caf78	POST	/api/auth/login	http://localhost:5173
20240215	01:32:14	1948549d-8044-4686-a27e-84a342583234	GET	/workouts	http://localhost:5173
20240215	01:32:16	7b88bdf9-73f2-4b26-9970-54e6e8d11c42	OPTIONS	/api/series	http://localhost:5173
20240215	01:32:16	c036a6a1-c74b-46de-8dbf-aecc768bca08	POST	/api/series	http://localhost:5173
20240215	01:34:15	7b1ba074-44fe-45ca-83a3-4906f5e76495	OPTIONS	/api/auth/login	http://localhost:5173
20240215	01:34:15	a0753fdb-d272-48e3-8edc-e13f0f0d8968	POST	/api/auth/login	http://localhost:5173
20240215	01:34:15	3a1fa19c-655a-4638-a7fe-d98d4295a015	GET	/workouts	http://localhost:5173
20240215	11:15:58	e1f1d066-2299-48cc-bbce-ea05b8bec613	OPTIONS	/api/user	http://localhost:5173
20240215	11:15:58	41e26733-cc49-44b8-8170-1b954192a972	POST	/api/user	http://localhost:5173
20240215	11:21:20	d21b092f-be92-428b-a76b-0797b0779140	OPTIONS	/api/user	http://localhost:5173
20240215	11:21:20	a37f7405-d2a1-49c8-9cfa-b60c1a721a85	POST	/api/user	http://localhost:5173
20240215	11:22:08	4df77860-bbc7-4c27-b14f-73c557b78e42	OPTIONS	/api/auth/login	http://localhost:5173
20240215	11:22:08	95e62684-1f46-4310-a0af-837385b50646	POST	/api/auth/login	http://localhost:5173
20240215	11:22:09	b7063eaa-2001-44b4-a120-64756e6ee23f	GET	/workouts	http://localhost:5173
20240215	11:40:17	a5597a6a-4c6f-4e9e-b45e-7e9b9f860f32	GET	/workouts	http://localhost:5173
20240215	11:41:17	116bbc3e-4362-4880-824d-370490b67dba	OPTIONS	/api/user	http://localhost:5173
20240215	11:41:17	d28d7d3f-a352-4546-8cfb-d7a39986a9c3	POST	/api/user	http://localhost:5173
20240215	11:41:19	ead06ee0-4f48-457b-a5b3-1fe75fb64e25	OPTIONS	/api/auth/login	http://localhost:5173
20240215	11:41:19	fc755fd5-fa57-4d3c-8010-c8f1c5b9b3e6	POST	/api/auth/login	http://localhost:5173
20240215	11:41:22	75f11313-a869-41c8-8f22-74657dc87dab	GET	/workouts	http://localhost:5173
20240215	12:08:27	64a9a102-06f2-43f7-9421-d9622904eb23	GET	/workouts	http://localhost:5173
20240215	22:38:48	f975ccc5-d26a-441d-9324-2adabcf4cfd0	OPTIONS	/api/auth/login	http://localhost:5173
20240215	22:38:48	796f28de-b1c3-4162-9e86-fed970849ded	POST	/api/auth/login	http://localhost:5173
20240215	22:38:50	2f4beebe-d115-4bcb-b5e1-bd1dba3fd052	GET	/workouts	http://localhost:5173
20240216	00:07:57	d9f08010-f1ae-4e49-8d8e-47c0d25e2285	OPTIONS	/api/auth/login	http://localhost:5173
20240216	00:07:57	1343230a-bd25-4fd7-ba31-c0ce8cb12551	POST	/api/auth/login	http://localhost:5173
20240216	00:07:58	3d5d4db4-df1a-4480-9513-c9bd6b65059c	GET	/workouts	http://localhost:5173
20240216	11:15:02	689c329e-6bc2-411d-ab51-1f32a1af3e35	POST	/api/auth/login/	undefined
20240216	11:15:31	b84ec069-5101-4c1f-bde6-ab1234a75ee0	POST	/api/series/	undefined
20240216	11:15:36	0b760589-9f90-4e3c-885b-d37c2dc29177	POST	/api/series/	undefined
20240216	11:16:07	c6c40472-d25c-46f4-9cea-515e07abd0d1	POST	/api/series/	undefined
20240216	11:17:35	de7dc808-5bcb-4eb7-b138-6312942f40e4	POST	/api/auth/login/	undefined
20240216	11:17:58	22896f5c-c630-4b5d-877b-c1af2c4e23d0	POST	/api/series/	undefined
20240216	11:18:07	d159e5c2-69ef-48e6-ac0e-7eb8fd8b36d8	POST	/api/series/	undefined
20240216	11:18:17	b1912ec0-78bb-4b9b-b1c7-efa6edb2886a	POST	/api/series/	undefined
20240216	11:18:26	3ae9c028-14a8-4005-99dd-1e78d1f8e98b	POST	/api/series/	undefined
20240216	11:20:30	fadc7127-ec73-4d33-8f9e-d82b4effecc2	OPTIONS	/api/auth/login	http://localhost:5173
20240216	11:20:30	44d6ff76-6028-461e-86c6-ab4722b4a08a	POST	/api/auth/login	http://localhost:5173
20240216	11:21:25	0bc51b9e-138e-440e-bf48-edc44144bd55	GET	/workouts	http://localhost:5173
20240216	11:21:38	96b14ded-0886-4aac-9631-055828dc8596	OPTIONS	/api/series	http://localhost:5173
20240216	11:21:38	7bc6d1ec-b7e8-47e2-bf61-7a97108d7803	POST	/api/series	http://localhost:5173
20240216	12:06:39	036570d7-2221-43bf-8f8c-e96520a76215	GET	/api/series	http://localhost:5173
20240216	12:07:05	fcce6453-4758-4154-924a-67aa7b6788d9	GET	/api/series	http://localhost:5173
20240216	12:07:15	cd2ccf1d-d39a-4c5a-b136-34f4ed2babd0	GET	/workouts	http://localhost:5173
20240216	12:07:15	ee493587-3e0c-4537-b195-956f9c0d6f67	GET	/api/series	http://localhost:5173
20240216	12:09:06	18109a06-1588-4c85-856c-820f10a9aaa6	OPTIONS	/api/auth/login	http://localhost:5173
20240216	12:09:06	5536bde9-265e-44d3-8b89-1ef156d410ec	POST	/api/auth/login	http://localhost:5173
20240216	12:09:07	a8a49938-bf68-4bf3-84f3-505894654627	OPTIONS	/api/series	http://localhost:5173
20240216	12:09:07	7469d1eb-b4c1-40f5-978c-8d0039a8b58c	GET	/workouts	http://localhost:5173
20240216	12:09:07	7fe9e6a7-3150-41d0-bb8e-5399ee0363e3	GET	/api/series	http://localhost:5173
20240216	12:11:58	eecd4e27-8dfa-48b1-a852-a0abebf798ae	GET	/workouts	http://localhost:5173
20240216	12:11:58	e20f1826-f296-4334-aca5-f50e6d4f15e5	GET	/api/series	http://localhost:5173
20240216	12:15:11	a7a0de7e-18ed-4cfd-b89c-690cde87a5e6	OPTIONS	/api/auth/login	http://localhost:5173
20240216	12:15:11	a1f831ff-e56b-4a70-8214-f4354d41fcba	POST	/api/auth/login	http://localhost:5173
20240216	12:15:12	b3e1469a-bbeb-48b9-9dbe-ea5a8e99e30f	GET	/workouts	http://localhost:5173
20240216	12:15:12	27b83e83-47ce-4712-841d-43689510028a	OPTIONS	/api/series	http://localhost:5173
20240216	12:15:12	62b4f4ad-ca17-46da-902f-8898b5fdeee9	GET	/api/series	http://localhost:5173
20240216	12:29:51	65cd5479-b328-48c9-a5c7-8d787bb40e62	GET	/workouts	http://localhost:5173
20240216	12:29:51	2d99a7a9-cb3a-4fd4-9c96-441c154cd89f	GET	/api/series	http://localhost:5173
20240216	12:30:43	3599f6ea-54b3-4c48-b9cd-9b8a9099afe3	OPTIONS	/api/auth/login	http://localhost:5173
20240216	12:30:43	cf08292c-4bc5-4ab2-80dc-5fdbee28a084	POST	/api/auth/login	http://localhost:5173
20240216	12:30:44	9dba61b3-6a3d-433f-839e-3e7685ca1c57	GET	/workouts	http://localhost:5173
20240216	12:30:44	e7baebf7-56f2-4c48-8ebd-27dd6fb06a19	OPTIONS	/api/series	http://localhost:5173
20240216	12:30:44	046ef2fe-bba0-45eb-a8c8-90bc228e12b4	GET	/api/series	http://localhost:5173
20240216	12:36:11	347f154f-dc31-4d19-b695-d9071bbcdcf4	GET	/workouts	http://localhost:5173
20240216	12:36:11	29332992-6112-400b-99ed-8c615f834ef7	GET	/api/series	http://localhost:5173
20240216	12:37:08	455558b1-c640-42f3-aa61-3129324cfadb	OPTIONS	/api/auth/login	http://localhost:5173
20240216	12:37:08	4b3acb2d-2ad0-4502-9c38-c8b5eb8a17e6	POST	/api/auth/login	http://localhost:5173
20240216	12:37:09	1e9ac99e-0bd6-49b4-a675-dba02a5f8806	GET	/workouts	http://localhost:5173
20240216	12:37:09	ee19a02e-f230-4dfe-b3c7-0ff007997c3b	OPTIONS	/api/series	http://localhost:5173
20240216	12:37:09	234d9f67-f98b-4ee9-aacd-3383e3ece4c4	GET	/api/series	http://localhost:5173
20240216	12:58:22	12f9cd6f-6585-4ce6-b38e-fb112b96ea83	OPTIONS	/api/auth/login	http://localhost:5173
20240216	12:58:22	66f61851-40c0-4190-b1a9-d0221b269831	POST	/api/auth/login	http://localhost:5173
20240216	12:59:41	b6e8046c-7dd6-443d-8e7a-be8e27e3ddc7	OPTIONS	/api/auth/login	http://localhost:5173
20240216	12:59:41	691a70b1-8094-421f-9d9f-6b45388d4ac5	POST	/api/auth/login	http://localhost:5173
20240216	12:59:41	1c2c3e49-cc4e-4033-a7ce-541f8e9edba8	GET	/workouts	http://localhost:5173
20240216	13:00:01	cafa60aa-5c23-405f-a07d-d07b4c212c29	OPTIONS	/api/series	http://localhost:5173
20240216	13:00:01	a2fc5617-7896-462b-9334-9d4f8f92dd02	POST	/api/series	http://localhost:5173
20240216	13:08:56	da15c0b4-c85d-4a7f-a191-c96fef739e9d	OPTIONS	/api/series	http://localhost:5173
20240216	13:08:56	992aa8f1-3289-4567-8b8d-0bf85042d9ec	GET	/api/series	http://localhost:5173
20240216	13:11:23	baeb4705-bfb6-4c87-80a8-209acfba6e91	OPTIONS	/api/series	http://localhost:5173
20240216	13:11:23	5b6ae7a6-984f-4bcd-9a7b-d186ef838e58	GET	/workouts	http://localhost:5173
20240216	13:11:23	30dda200-d4ba-47b8-9b2e-6489c946e86b	GET	/api/series	http://localhost:5173
20240216	13:14:44	509b6fcf-7b50-4aee-bc8d-fb8b3a66e79e	GET	/workouts	http://localhost:5173
20240216	13:14:44	c5a05655-9fac-48ba-9ff9-8e04ef897076	OPTIONS	/api/series	http://localhost:5173
20240216	13:14:44	d865a55a-d6f0-4c54-8ce8-d2cd76a292ce	GET	/api/series	http://localhost:5173
20240216	13:15:04	dc28acbb-6323-4a13-bbc2-dad70ff9e776	OPTIONS	/api/series	http://localhost:5173
20240216	13:15:04	48c8baa9-60b1-4621-a2e3-797ba67a0df0	POST	/api/series	http://localhost:5173
20240216	13:15:05	9929cb85-1e9f-462e-a031-4da961291d3b	GET	/api/series	http://localhost:5173
20240216	14:24:16	a0fa47c0-9652-4cf7-8f75-9687d4c2e66b	GET	/workouts	http://localhost:5173
20240216	14:24:16	3ff7d371-5185-47c3-8a4a-6ea23341d414	GET	/api/series	http://localhost:5173
20240216	14:24:50	a438846b-12c9-42b0-8336-1e312878e173	OPTIONS	/api/auth/login	http://localhost:5173
20240216	14:24:50	2d92f3c2-958e-4a6b-9e74-9d37abe41ada	POST	/api/auth/login	http://localhost:5173
20240216	14:24:51	99bef136-4bca-48f7-a085-e4c8760c7b58	GET	/workouts	http://localhost:5173
20240216	14:24:51	461dd6fc-6201-4603-81eb-4cb331c2afac	OPTIONS	/api/series	http://localhost:5173
20240216	14:24:51	9d1e615b-4621-4305-af77-098118490e00	GET	/api/series	http://localhost:5173
20240216	14:24:54	33389524-33d0-4db8-a615-b534733669ed	GET	/workouts/65c8eec94953e275a883e3e8/get-all	http://localhost:5173
20240216	14:28:16	f0fbf40a-d133-4df7-b928-730b4505813d	GET	/workouts/65cf6e96ced1cf5b92416270/get-all	http://localhost:5173
20240216	14:28:33	5d619a33-9abe-49a2-ada0-07f3270a75d0	GET	/workouts/65c8eec94953e275a883e3e8/get-all	http://localhost:5173
20240216	14:30:33	43d57030-6690-469a-b815-71202cf815ea	OPTIONS	/workouts/	http://localhost:5173
20240216	14:30:33	f13ca3b8-6800-4aae-b2b4-6128be8571ba	POST	/workouts/	http://localhost:5173
20240216	14:30:33	ee0df216-63c9-44d3-95b9-b52b0c15820f	GET	/workouts	http://localhost:5173
20240216	14:33:04	25b5b3d3-4406-40ed-af0d-8b96408dfb74	GET	/api/series	http://localhost:5173
20240216	14:33:04	1710ac23-e154-4f99-b091-52833f18e020	GET	/workouts	http://localhost:5173
20240216	14:33:37	2b8a2ed6-e310-4aa7-af3c-ea723f2160b2	OPTIONS	/api/auth/login	http://localhost:5173
20240216	14:33:37	737dd050-1021-4eb2-85db-a3da11af24c0	POST	/api/auth/login	http://localhost:5173
20240216	14:33:37	39cae3b6-439c-4329-b2f2-8c2cfe8b2cf7	GET	/workouts	http://localhost:5173
20240216	14:33:37	681280c4-f273-4635-b281-59f851906714	GET	/api/series	http://localhost:5173
20240216	14:34:39	bf029ab0-7918-4c7a-b80f-1ba1a4d8bafe	OPTIONS	/api/auth/login	http://localhost:5173
20240216	14:34:40	804dd28f-f5c8-4e02-919d-d339ac607cad	POST	/api/auth/login	http://localhost:5173
20240216	14:34:40	a9fc2cfb-a25d-49cd-88a2-9996bf5ccc40	OPTIONS	/api/series	http://localhost:5173
20240216	14:34:40	0ed1587a-b619-4a7d-bc5a-9839cc81d3fd	GET	/workouts	http://localhost:5173
20240216	14:34:40	0c0a9a7d-bde8-4926-8d96-94972c518e11	GET	/api/series	http://localhost:5173
20240216	14:34:51	6d943b16-e4ae-483c-8538-df199255c4f4	GET	/workouts/65c8eec94953e275a883e3e8/get-all	http://localhost:5173
20240216	14:35:18	a8f07c8e-329a-438b-8bcd-a9d89141b035	GET	/workouts	http://localhost:5173
20240216	14:37:16	b8d300a0-08d7-4a4b-86c5-670f1443a84b	POST	/api/workouts/65c8eec94953e275a883e3e8/createworkout	undefined
20240216	14:37:25	ea6591dd-4bb4-4762-bff9-61e768a1cf1e	POST	/api/workouts/65c8eec94953e275a883e3e8/createworkout	undefined
20240216	14:37:35	844e3ece-7308-49f4-b046-61447fdbc1be	POST	/api/workouts/65c8eec94953e275a883e3e8/createworkout	undefined
20240216	15:01:41	701512e6-95b0-4a24-94a5-3bee66bc24cd	GET	/workouts/undefined/get-all	http://localhost:5173
20240216	15:01:41	329c3e3b-db6f-4188-aac8-b30724454753	GET	/api/series	http://localhost:5173
20240216	15:02:06	f1bd57b8-c5f3-493b-a676-03071486df22	OPTIONS	/api/auth/login	http://localhost:5173
20240216	15:02:06	43c981cb-9333-4f35-b588-fe8036e5724c	POST	/api/auth/login	http://localhost:5173
20240216	15:02:07	ffeac5b1-42e5-4ef9-a50f-5800d7dd57a6	OPTIONS	/api/series	http://localhost:5173
20240216	15:02:07	3cba3d4b-6897-45f0-843b-cd627d22e444	GET	/workouts/undefined/get-all	http://localhost:5173
20240216	15:02:07	6866339a-44ed-4a67-9630-8f1fa8f83b3f	GET	/api/series	http://localhost:5173
20240216	15:02:11	f18b30b8-c9e0-4841-9295-a1817a89d75c	GET	/workouts/65c8eec94953e275a883e3e8/get-all	http://localhost:5173
20240216	15:07:17	83143f93-c3c0-4818-af2c-ac96f60d8660	GET	/workouts/65c8eec94953e275a883e3e8/get-all	http://localhost:5173
20240216	15:12:10	90cc758a-76c0-480b-b126-0cb7b942fa6b	GET	/workouts/undefined/get-all	http://localhost:5173
20240216	15:12:10	f8d09f23-5fe9-409e-93b4-39e3041b9a33	GET	/api/series	http://localhost:5173
20240216	15:13:01	d3187c61-ac20-4d1d-b558-5117ebcd5b91	GET	/workouts/undefined/get-all	http://localhost:5173
20240216	15:13:01	575b0a58-48cb-4558-9bd5-4d5e3de591f4	GET	/api/series	http://localhost:5173
20240216	15:13:31	a54f4f14-82f6-493b-98f6-9de3aa7d8fa5	OPTIONS	/api/auth/login	http://localhost:5173
20240216	15:13:31	4bc05c59-6685-4fe4-9580-b892f68b603d	POST	/api/auth/login	http://localhost:5173
20240216	15:13:32	a0d21c74-bbe4-4e57-8f42-b54bd38022a0	GET	/workouts/undefined/get-all	http://localhost:5173
20240216	15:13:32	d6c46bbd-c23a-4669-be26-056a77796355	OPTIONS	/api/series	http://localhost:5173
20240216	15:13:32	117cf0b5-6815-4151-ad9b-ddf12a78ecd4	GET	/api/series	http://localhost:5173
20240216	15:13:39	e878a3a8-a6d4-4e41-99e1-ca10f5c40c42	GET	/workouts/65c8eec94953e275a883e3e8/get-all	http://localhost:5173
20240216	15:18:26	63e7596b-76c5-4986-9ba1-162b7f5618fd	GET	/api/workouts/undefined/get-all	http://localhost:5173
20240216	15:18:26	79b2f814-0b74-47ab-a00e-04f3b972ddd1	GET	/api/series	http://localhost:5173
20240216	15:21:52	fcd5ea36-9c22-4325-a97b-84e783cbf48e	OPTIONS	/api/auth/login	http://localhost:5173
20240216	15:21:52	064bbe2c-7e93-44d4-a628-cb91683a4891	POST	/api/auth/login	http://localhost:5173
20240216	15:21:53	a29f5af8-7c06-4015-968a-ffaa44b30fb3	GET	/api/workouts/undefined/get-all	http://localhost:5173
20240216	15:21:53	3f10ecac-07bd-41b3-8090-26745fa9899a	OPTIONS	/api/series	http://localhost:5173
20240216	15:21:53	d4253237-4696-4545-83f1-55680f12f492	GET	/api/series	http://localhost:5173
20240216	15:43:00	5f1299f7-cf16-430c-8c91-00c3268695c5	OPTIONS	/api/auth/login	http://localhost:5173
20240216	15:43:00	9cd743bf-b32d-44a0-a198-5ef8d3ebf54a	POST	/api/auth/login	http://localhost:5173
20240216	15:43:00	3e5f6186-e033-46ac-94c3-2364c066b1d4	OPTIONS	/api/series	http://localhost:5173
20240216	15:43:00	66b22fe3-dfe0-4bb8-a4d1-ebc383e311e3	GET	/workouts/undefined/get-all	http://localhost:5173
20240216	15:43:00	c9b9b9f1-21b0-4d11-b81c-93229fae3df8	GET	/api/series	http://localhost:5173
20240216	15:43:23	fc292ff0-b292-490d-921d-102e3297a199	OPTIONS	/api/series	http://localhost:5173
20240216	15:43:23	b74fb058-1406-41f1-9c89-c23620fd91c7	POST	/api/series	http://localhost:5173
20240216	15:43:23	72abc96e-1e8b-425e-82a2-e4b828a1b910	GET	/api/series	http://localhost:5173
20240216	15:43:26	821a3ea9-de81-4a4a-996f-0ff9d4894271	GET	/workouts/65cfaccb6281c1505820b7a2/get-all	http://localhost:5173
20240216	17:53:07	cdfca44d-d649-4f17-ab6c-a3ad48528738	OPTIONS	/api/auth/login	http://localhost:5173
20240216	17:53:07	bfdb2034-fbae-4bf1-a696-4a0ab5fa0a6b	POST	/api/auth/login	http://localhost:5173
20240216	17:53:08	39dae441-f0d7-476c-bebd-868d847dc971	GET	/workouts/undefined/get-all	http://localhost:5173
20240216	17:53:08	83bc0446-108a-49e0-87fa-eebbc0b55447	OPTIONS	/api/series	http://localhost:5173
20240216	17:53:08	820aeb16-9b57-4731-b351-0767b3e83130	GET	/api/series	http://localhost:5173
20240216	17:53:38	69d0e9c5-5cf7-4671-b71d-5ebc8b7819fd	GET	/workouts/65c8eec94953e275a883e3e8/get-all	http://localhost:5173
20240216	17:53:56	69a08c11-2b43-47d2-9fcb-aba3a9d1211d	GET	/api/workouts/undefined/get-all	http://localhost:5173
20240216	17:53:56	c4b70365-f3a4-4872-8940-5840a33c9bca	GET	/api/series	http://localhost:5173
20240216	17:58:18	0b255b35-83f7-440f-84c1-0129c9edf5c3	OPTIONS	/api/auth/login	http://localhost:5173
20240216	17:58:18	9c9d2a5a-2983-4f97-976c-2f33e2b23945	POST	/api/auth/login	http://localhost:5173
20240216	17:58:19	f866eba0-737f-4cf0-960e-9c368dd7649d	GET	/api/workouts/undefined/get-all	http://localhost:5173
20240216	17:58:19	760cf252-0623-4ef9-a4e6-9d88ad64b52d	OPTIONS	/api/series	http://localhost:5173
20240216	17:58:19	aefddf74-b700-4edb-80e5-0541f671e757	GET	/api/series	http://localhost:5173
20240216	18:01:11	43dccf56-512f-431d-8fa5-370713a6cc06	OPTIONS	/api/auth/login	http://localhost:5173
20240216	18:01:11	3c054e8a-6fd5-4e3b-a573-55280739e692	POST	/api/auth/login	http://localhost:5173
20240216	18:01:12	512d3ddc-d37e-48d4-91ab-14a7794f8941	OPTIONS	/api/series	http://localhost:5173
20240216	18:01:13	f5bbd181-7509-4ddf-8f2b-555e71e30389	GET	/api/workouts/undefined/get-all	http://localhost:5173
20240216	18:01:13	b5a048e4-612a-46de-a594-a7d8a6eec64b	GET	/api/series	http://localhost:5173
20240216	18:01:36	028330ed-66f4-4e78-bd46-ca8c5cac74d5	GET	/api/workouts/65c8eec94953e275a883e3e8/get-all	http://localhost:5173
20240216	18:10:29	0d1b1312-7f6c-4900-a2be-101ba931e337	GET	/api/series	http://localhost:5173
20240216	18:11:00	60492784-930f-42af-839e-f8b8ae567dae	OPTIONS	/api/auth/login	http://localhost:5173
20240216	18:11:00	c0b0415a-7d79-4639-b331-6cb1c329b0cd	POST	/api/auth/login	http://localhost:5173
20240216	18:11:01	a8430633-7ade-4e3a-adf5-28604046962d	OPTIONS	/api/series	http://localhost:5173
20240216	18:11:01	d921a29e-ada3-48c7-8ac2-1281f63b139f	GET	/api/series	http://localhost:5173
20240216	18:14:43	5b97e21a-9aa3-48e7-8875-ab10162cf374	OPTIONS	/api/workouts/undefined/get-all	http://localhost:5173
20240216	18:14:43	78dd69a0-b39b-414d-9462-95ffbf88c2ce	GET	/api/workouts/undefined/get-all	http://localhost:5173
20240216	18:14:43	ed08a858-3ad9-46e3-9615-8ee52a5256d3	GET	/api/series	http://localhost:5173
20240216	18:19:26	bd3efe13-45b1-4755-89b5-e7be4282088c	OPTIONS	/api/auth/login	http://localhost:5173
20240216	18:19:26	af4efedd-e4dd-4a8c-aca1-a470b3372adc	POST	/api/auth/login	http://localhost:5173
20240216	18:19:27	de4848a1-c5c8-468f-b4b9-6190840a9ee5	OPTIONS	/api/workouts/undefined/get-all	http://localhost:5173
20240216	18:19:27	e5b253e0-c4fe-4095-802e-5f1f55947a1c	OPTIONS	/api/series	http://localhost:5173
20240216	18:19:27	7c41ad24-7655-44f1-9e7b-ca601a466fb3	GET	/api/workouts/undefined/get-all	http://localhost:5173
20240216	18:19:27	10d827cb-88c1-4542-8317-0d9e8a781950	GET	/api/series	http://localhost:5173
20240216	18:19:32	c82cd95d-1868-4a85-b3e4-c972b5664a40	OPTIONS	/api/workouts/65c8eec94953e275a883e3e8/get-all	http://localhost:5173
20240216	18:19:32	47ef911e-2cda-49b7-9064-12faa5aea4bb	GET	/api/workouts/65c8eec94953e275a883e3e8/get-all	http://localhost:5173
20240216	18:20:30	8e3e2f23-88b2-43ae-86dd-90d638456555	OPTIONS	/api/workouts/undefined/get-all	http://localhost:5173
20240216	18:20:30	ca7e5c8c-54f8-445a-86ef-1f6e25de4a2f	GET	/api/workouts/undefined/get-all	http://localhost:5173
20240216	18:20:30	2c5c34ec-6f40-46f7-a337-c9610ba2ea60	GET	/api/series	http://localhost:5173
20240216	18:20:56	0db8c780-37ec-4bfb-b803-2bf1accf003d	OPTIONS	/api/auth/login	http://localhost:5173
20240216	18:20:56	0f27e527-3088-4ba8-837c-4413ae848f49	POST	/api/auth/login	http://localhost:5173
20240216	18:21:35	f7722f67-3038-4341-9714-1db260c180ee	OPTIONS	/api/auth/login	http://localhost:5173
20240216	18:21:35	7de3c270-7105-4792-a4e3-894f243ba475	POST	/api/auth/login	http://localhost:5173
20240216	18:21:36	7c772cc6-e491-44cb-a01a-7d8ab6027c80	OPTIONS	/api/workouts/undefined/get-all	http://localhost:5173
20240216	18:21:36	8f71ad02-c063-4218-bd18-f9cfe995f4cf	OPTIONS	/api/series	http://localhost:5173
20240216	18:21:36	89774b76-cd4b-49b5-af3c-9bc94a452eef	GET	/api/workouts/undefined/get-all	http://localhost:5173
20240216	18:21:36	8c406f54-f2d6-43a0-9a6c-ccc985f55b4c	GET	/api/series	http://localhost:5173
20240216	18:21:41	42831145-b04e-4bb8-91f3-b6bbb0a6da19	OPTIONS	/api/workouts/65c8eec94953e275a883e3e8/get-all	http://localhost:5173
20240216	18:21:41	6efb79cc-ac3a-4fcd-8b38-8423166056ee	GET	/api/workouts/65c8eec94953e275a883e3e8/get-all	http://localhost:5173
20240216	18:28:22	88a5d881-eddc-4c6c-bf0d-5e0231f3fc3b	OPTIONS	/api/workouts/undefined/get-all	http://localhost:5173
20240216	18:28:22	af1b4eaa-d1de-4d2a-820e-07c2e96456e4	GET	/api/series	http://localhost:5173
20240216	18:28:22	fafaa1ac-5bad-44e7-9842-70f2ea02b309	GET	/api/workouts/undefined/get-all	http://localhost:5173
20240216	18:28:44	48d6db45-2bd5-4f1a-82b7-8252bd2b2160	OPTIONS	/api/auth/login	http://localhost:5173
20240216	18:28:44	1a1005b7-8cbd-4d83-8744-3a904ba57139	POST	/api/auth/login	http://localhost:5173
20240216	18:28:45	774d2703-e3cc-43c2-a029-de555149043b	OPTIONS	/api/workouts/undefined/get-all	http://localhost:5173
20240216	18:28:45	234dcad5-fb5a-4041-a99a-9eb88a65536f	OPTIONS	/api/series	http://localhost:5173
20240216	18:28:45	fa99951a-3212-4280-8d72-fb4a6b657e32	GET	/api/series	http://localhost:5173
20240216	18:28:45	5ad8321f-439b-4d86-98c2-d7bcdc7d13fd	GET	/api/workouts/undefined/get-all	http://localhost:5173
20240216	18:29:00	42f564c7-5bb4-4ab4-ab43-dfaabf513c13	OPTIONS	/api/workouts/65c8eec94953e275a883e3e8/get-all	http://localhost:5173
20240216	18:29:00	0f429339-7961-4a3e-a51a-9fc27a0d20b3	GET	/api/workouts/65c8eec94953e275a883e3e8/get-all	http://localhost:5173
20240216	18:43:05	98e59040-926f-4a98-9afb-4468e2dfa69e	OPTIONS	/api/workouts/undefined/get-all	http://localhost:5173
20240216	18:43:05	bb3fab58-e0b1-44c6-b625-de218ced3708	GET	/api/workouts/undefined/get-all	http://localhost:5173
20240216	18:43:05	cc6ed534-56c2-4ede-a7c5-5c5889e8df90	GET	/api/series	http://localhost:5173
20240216	18:43:29	2495ef5d-02bf-488c-a909-87c749136380	OPTIONS	/api/auth/login	http://localhost:5173
20240216	18:43:29	7a852f71-be88-442a-a1f9-3ba6e524f5ce	POST	/api/auth/login	http://localhost:5173
20240216	18:43:29	2114c97c-ed58-4154-b1bc-802069dda91d	OPTIONS	/api/workouts/undefined/get-all	http://localhost:5173
20240216	18:43:29	cdc74235-cd95-47b7-9ef5-33be16b725f8	OPTIONS	/api/series	http://localhost:5173
20240216	18:43:29	5be0ad6f-6685-436c-9df8-fa2dc1d022a7	GET	/api/workouts/undefined/get-all	http://localhost:5173
20240216	18:43:29	170e9e97-463f-45e1-b8c9-91a271962c77	GET	/api/series	http://localhost:5173
20240216	18:47:16	6ca37739-5705-4b53-920f-56983b1d178a	OPTIONS	/api/auth/login	http://localhost:5173
20240216	18:47:16	167ad4c7-9a4f-422b-b90d-2ab69211945e	POST	/api/auth/login	http://localhost:5173
20240216	18:47:17	e3737d4d-37aa-4968-ab49-2c16585c0ee8	OPTIONS	/api/workouts/undefined/get-all	http://localhost:5173
20240216	18:47:17	68b9f6d5-2d50-4ccf-b83c-b34199dc95a8	OPTIONS	/api/series	http://localhost:5173
20240216	18:47:17	d56aa782-9ea3-4edd-8c03-e29a8a1eb998	GET	/api/workouts/undefined/get-all	http://localhost:5173
20240216	18:47:17	fc7e62dd-4acc-4829-9783-47bc5d1a5feb	GET	/api/series	http://localhost:5173
20240216	19:08:42	175266cb-8e54-4527-90aa-f02ad4fa8cbc	OPTIONS	/api/auth/login	http://localhost:5173
20240216	19:08:42	1f2f67dc-9542-49a7-81c4-926588a5a181	POST	/api/auth/login	http://localhost:5173
20240216	19:08:42	8afad61f-efe8-4d3d-874a-a38070a8ad57	OPTIONS	/api/workouts/undefined/get-all	http://localhost:5173
20240216	19:08:42	dac61302-39ff-4d66-b5af-342ca207be9d	OPTIONS	/api/series	http://localhost:5173
20240216	19:08:42	0d2fe603-cbb4-498a-b0c4-3a26564c42d0	GET	/api/workouts/undefined/get-all	http://localhost:5173
20240216	19:08:42	7718d59b-bdb2-432e-9956-200002d05220	GET	/api/series	http://localhost:5173
20240216	19:12:31	aae8e706-4bd1-491c-9d57-247b45c6c2e3	OPTIONS	/api/workouts/undefined/get-all	http://localhost:5173
20240216	19:12:31	ce604cc8-dfe2-48fe-bb95-17405c32c375	GET	/api/series	http://localhost:5173
20240216	19:12:31	55902dd6-7155-4838-9039-00f331444bb3	GET	/api/workouts/undefined/get-all	http://localhost:5173
20240216	19:13:00	179e1d39-2c35-4d85-b6bf-44e810891c6d	OPTIONS	/api/auth/login	http://localhost:5173
20240216	19:13:00	96c2899f-76ef-4b1d-b27f-6cb9c4867e29	POST	/api/auth/login	http://localhost:5173
20240216	19:13:00	dd654eb7-4be9-4079-ba50-e8c5fa0d05c6	OPTIONS	/api/workouts/undefined/get-all	http://localhost:5173
20240216	19:13:00	a507d9ba-dd5d-4343-a4f0-e68e0632fe5c	OPTIONS	/api/series	http://localhost:5173
20240216	19:13:00	5cfc17c9-5671-4b91-8147-3e68ecef87d3	GET	/api/workouts/undefined/get-all	http://localhost:5173
20240216	19:20:09	7a3737dc-8c1e-4ea4-8883-6b19dd68fc51	OPTIONS	/api/auth/login	http://localhost:5173
20240216	19:20:09	5c8fb15b-f8bd-4890-8fd3-f15cad305719	POST	/api/auth/login	http://localhost:5173
20240216	19:20:10	f8c88c47-77d0-468b-be6c-9125239e47ac	OPTIONS	/api/workouts/undefined/get-all	http://localhost:5173
20240216	19:20:10	8d4baf20-22a2-4615-8c52-dd742dd544ca	OPTIONS	/api/series	http://localhost:5173
20240216	19:20:10	37a30f7b-64a3-4c74-85f1-1b2986ce1883	GET	/api/workouts/undefined/get-all	http://localhost:5173
20240216	19:20:10	1cf4f9c0-883b-4641-abf2-07fc0b2b56ed	GET	/api/series	http://localhost:5173
20240216	19:27:06	e08c3308-6541-4a59-b32d-7cc3eada2650	OPTIONS	/api/auth/login	http://localhost:5173
20240216	19:27:07	87256ed7-382c-45fa-8011-742d9c40b6ba	POST	/api/auth/login	http://localhost:5173
20240216	19:27:07	9e1a8a38-8298-4e6d-859e-3fce5cea4f6e	OPTIONS	/api/series	http://localhost:5173
20240216	19:27:07	586d76a1-7a96-49ad-a771-01ed350e9fbf	GET	/api/series	http://localhost:5173
20240216	19:38:06	1ee84e4f-e178-4de5-adc0-c181bb6f9b42	OPTIONS	/api/workouts/undefined/get-all	http://localhost:5173
20240216	19:38:06	f6ba9840-d5df-44a7-ac6e-71ac5bf57aff	GET	/api/workouts/undefined/get-all	http://localhost:5173
20240216	19:38:06	5e804c44-2b35-4d76-8aa2-cd34a1a30bfc	GET	/api/series	http://localhost:5173
20240216	19:39:03	0fae379b-9df5-43bb-8d8a-c38d1de8d679	OPTIONS	/api/workouts/undefined/get-all	http://localhost:5173
20240216	19:39:03	509a0140-ab65-4a7e-be74-9e075675612f	GET	/api/workouts/undefined/get-all	http://localhost:5173
20240216	19:39:03	b0bc55dc-daa8-4f88-9a63-43a888b21187	GET	/api/series	http://localhost:5173
20240216	19:39:22	e3cddd25-6403-4e13-81e4-ea1e3045180c	OPTIONS	/api/auth/login	http://localhost:5173
20240216	19:39:22	fd3f3552-af4e-4743-8579-d061b75d51e1	POST	/api/auth/login	http://localhost:5173
20240216	19:39:23	fe0325a4-5d43-4082-8353-2d0a438f926e	OPTIONS	/api/workouts/undefined/get-all	http://localhost:5173
20240216	19:39:23	1b36e7ea-d514-4318-881f-71e2de14db0b	OPTIONS	/api/series	http://localhost:5173
20240216	19:39:23	19d98141-b682-43bc-a77f-75e5e63f7e7f	GET	/api/workouts/undefined/get-all	http://localhost:5173
20240216	19:39:23	4821ce33-da34-4ee2-8279-3de0d275ef1a	GET	/api/series	http://localhost:5173
20240216	19:40:57	35dee84e-e047-4c94-9b0e-060a83b3c43d	GET	/api/workouts/undefined/get-all	http://localhost:5173
20240216	19:40:57	9a24cd0b-b02f-43d5-9f40-b9c82b632a0b	GET	/api/series	http://localhost:5173
20240216	19:42:51	0de418e4-e7a8-4ed6-b1f4-a52427c71b01	OPTIONS	/api/auth/login	http://localhost:5173
20240216	19:42:51	b3c1b630-5ee9-45a0-82a9-2afd8fbcbfba	POST	/api/auth/login	http://localhost:5173
20240216	19:42:52	6761b25d-3eff-438a-bf29-877e2bf494b4	GET	/api/workouts/undefined/get-all	http://localhost:5173
20240216	19:42:52	67cca235-9b94-4ada-bcfd-3a67952e204b	OPTIONS	/api/series	http://localhost:5173
20240216	19:42:52	d10990da-4d23-44b7-bed2-6ce913746afa	GET	/api/series	http://localhost:5173
20240216	19:44:13	a76e9e75-b40f-4d1e-a231-0d0d0192e4a2	OPTIONS	/api/auth/login	http://localhost:5173
20240216	19:44:13	d5ba226f-ec62-495d-9ea8-95eaeee91ed1	POST	/api/auth/login	http://localhost:5173
20240216	19:44:14	03e9d21f-c9d7-469e-b93c-8996441fa300	GET	/api/workouts/undefined/get-all	http://localhost:5173
20240216	19:44:14	0a1fbfbc-1bae-4059-bfc6-96ffe2e15c0c	OPTIONS	/api/series	http://localhost:5173
20240216	19:44:14	d6578531-efc9-4f65-a0a8-0ca36a91576f	GET	/api/series	http://localhost:5173
20240216	19:51:55	fd48615f-886c-4f75-80be-d9dee5b73e06	GET	/api/workouts/undefined/get-all	http://localhost:5173
20240216	19:51:55	17bffd45-af5b-46b9-bfcc-447248232dc2	GET	/api/series	http://localhost:5173
20240216	20:03:56	944170f5-3f6f-442c-a21b-1fa303844193	GET	/api/workouts/undefined/get-all	http://localhost:5173
20240216	20:03:56	ee11e468-76f7-4a8f-b575-4c40d599baa7	GET	/api/series	http://localhost:5173
20240216	20:47:57	86f0496b-1b80-40b6-bb24-93147a6fe483	GET	/api/series	http://localhost:5173
20240216	20:48:35	6295c922-9e32-47a9-aa47-b2aee146a4e3	GET	/api/series	http://localhost:5173
20240216	20:48:58	950c2e27-575a-4593-a55a-f98eb542436e	OPTIONS	/api/auth/login	http://localhost:5173
20240216	20:48:58	0e9fa2e1-fc65-4946-a684-c8065745ed42	POST	/api/auth/login	http://localhost:5173
20240216	20:48:59	dc3fc1fb-e185-439e-a3fd-a7866d4b25a9	OPTIONS	/api/series	http://localhost:5173
20240216	20:48:59	71420a6e-66da-4b0b-8def-57b42bcaf9a9	GET	/api/series	http://localhost:5173
20240216	20:48:59	8d55f753-0b12-4871-ab0b-bc2d951185ab	OPTIONS	/api/api/workouts/65c8eec94953e275a883e3e8/get-all	http://localhost:5173
20240216	20:48:59	a49b1b08-9a80-42c7-bb3d-763e483ed033	GET	/api/api/workouts/65c8eec94953e275a883e3e8/get-all	http://localhost:5173
20240216	20:50:26	ca12044d-6eaa-4ef4-99f4-730b675e02c5	OPTIONS	/api/api/workouts/65c8eec94953e275a883e3e8/get-all	http://localhost:5173
20240216	20:50:26	37678c35-2e14-46f6-9c82-33c20fa66990	GET	/api/api/workouts/65c8eec94953e275a883e3e8/get-all	http://localhost:5173
20240216	20:51:12	5eebc140-a05b-4fec-a384-aaadb0849c8e	OPTIONS	/api/auth/login	http://localhost:5173
20240216	20:51:12	47185800-5cc7-49b8-b363-5e7e1f929180	POST	/api/auth/login	http://localhost:5173
20240216	20:51:13	75e4cbb1-ef9c-45d4-a026-4308ddc2f6db	OPTIONS	/api/series	http://localhost:5173
20240216	20:51:13	28bd4fcc-a418-48db-8539-7aa2ebc57ba8	GET	/api/series	http://localhost:5173
20240216	20:51:13	eaad0f29-7428-4ebd-9e52-807956da900a	OPTIONS	/api/api/workouts/65c8eec94953e275a883e3e8/get-all	http://localhost:5173
20240216	20:51:13	67027dab-d719-4e93-bdf3-a07df905354b	GET	/api/api/workouts/65c8eec94953e275a883e3e8/get-all	http://localhost:5173
20240216	20:52:13	d0aceb5f-7b51-479a-a140-c15f9cd67cb3	OPTIONS	/api/api/workouts/65c8eec94953e275a883e3e8/get-all	http://localhost:5173
20240216	20:52:13	5eed8b4d-a944-4616-a600-d817e7df3881	GET	/api/api/workouts/65c8eec94953e275a883e3e8/get-all	http://localhost:5173
20240216	20:53:05	871a905f-00b6-414c-bd7e-73451e54eeb5	GET	/api/series	http://localhost:5173
20240216	20:53:21	1df28d55-ff10-4d4d-a404-82ec43958d29	OPTIONS	/api/auth/login	http://localhost:5173
20240216	20:53:21	19f0fb91-b472-45f3-af1b-d7650df5b9e5	POST	/api/auth/login	http://localhost:5173
20240216	20:53:21	0e10d164-952d-4f8d-9354-a58734745bb7	OPTIONS	/api/series	http://localhost:5173
20240216	20:53:21	f321bcdc-a771-4194-a670-349f5f07992b	GET	/api/series	http://localhost:5173
20240216	20:53:22	e5e89cfe-770f-4255-b077-0304de74e2ab	OPTIONS	/api/workouts/65c8eec94953e275a883e3e8/get-all	http://localhost:5173
20240216	20:53:22	26eeeaf4-9853-4b02-bd79-ea81a6c4e22d	GET	/api/workouts/65c8eec94953e275a883e3e8/get-all	http://localhost:5173
20240216	20:59:35	ff6817ac-6f8a-48e6-9319-c7c4e16b0755	OPTIONS	/api/auth/login	http://localhost:5173
20240216	20:59:36	064ec534-c3dc-4955-9be8-a9a6372208d9	POST	/api/auth/login	http://localhost:5173
20240216	20:59:36	8d3d2e42-20d2-42ba-8522-da38eda99e3a	OPTIONS	/api/series	http://localhost:5173
20240216	20:59:37	3ed8d65d-bb3b-4de7-8da4-f405a65e67a3	GET	/api/series	http://localhost:5173
20240216	20:59:37	c6e71775-d9ef-41bd-8be2-5c494cafdc59	OPTIONS	/api/workouts/65c8eec94953e275a883e3e8/get-all	http://localhost:5173
20240216	20:59:37	0c84a21e-8cb8-4b29-83f1-bf2c209c4e19	GET	/api/workouts/65c8eec94953e275a883e3e8/get-all	http://localhost:5173
20240216	21:03:35	39c039b7-402b-42ed-ac62-8082497eaf66	GET	/api/series	http://localhost:5173
20240216	21:04:13	4d10cdce-9f47-412b-92d3-b05e021d8d32	OPTIONS	/api/auth/login	http://localhost:5173
20240216	21:04:13	40cbd3ab-e300-45b3-8649-a0afca976d46	POST	/api/auth/login	http://localhost:5173
20240216	21:04:14	b0ee091c-b2a0-49db-962a-88294c09f090	OPTIONS	/api/series	http://localhost:5173
20240216	21:04:14	610eadc6-e5ec-4efa-a3d4-8c3a5b45e86b	GET	/api/series	http://localhost:5173
20240216	21:04:14	3039b6e0-e28a-490c-95ee-2bd95232396e	OPTIONS	/api/workouts/65c8eec94953e275a883e3e8/get-all	http://localhost:5173
20240216	21:04:14	732c1d46-3270-48b0-b150-598dbb31ca8f	GET	/api/workouts/65c8eec94953e275a883e3e8/get-all	http://localhost:5173
20240216	21:12:23	74e77e5d-d036-4ad7-85cd-c31510b59278	OPTIONS	/api/workouts/65cf6e96ced1cf5b92416270/get-all	http://localhost:5173
20240216	21:12:23	dc54e340-4524-4348-9afb-4a40d29c3916	GET	/api/workouts/65cf6e96ced1cf5b92416270/get-all	http://localhost:5173
20240216	21:14:21	37540e07-8684-4455-951f-cccb799672c8	OPTIONS	/api/auth/login	http://localhost:5173
20240216	21:14:21	d4e01b0b-393c-454b-a03f-099933b2777f	POST	/api/auth/login	http://localhost:5173
20240216	21:14:22	12fedf53-7257-4422-bade-fa7e98ae2d8c	OPTIONS	/api/series	http://localhost:5173
20240216	21:14:22	edd6c3b8-93fe-474c-b721-6eeb44198006	GET	/api/series	http://localhost:5173
20240216	21:14:22	4a07bb9e-811c-41b9-a2ad-7d3ab4c6d982	OPTIONS	/api/workouts/65c8eec94953e275a883e3e8/get-all	http://localhost:5173
20240216	21:14:22	ba7dadab-3e46-4259-9722-6150190cc729	GET	/api/workouts/65c8eec94953e275a883e3e8/get-all	http://localhost:5173
